<?xml version="1.0" encoding="UTF-8"?>
<!-- Generated by org.testng.reporters.JUnitXMLReporter -->
<testsuite hostname="LEO-UBU" ignored="0" name="Default test" tests="3" failures="0" timestamp="2020-03-25T17:53:24 MSK" time="2.292" errors="0">
  <testcase name="testAddAttachment" time="1.912" classname="forum.test.AttachmentTest"/>
  <testcase name="testAddAttachmentWithNullFields" time="0.001" classname="forum.test.AttachmentTest"/>
  <testcase name="testFindById" time="0.355" classname="forum.test.AttachmentTest"/>
</testsuite> <!-- Default test -->
