<?xml version="1.0" encoding="UTF-8"?>
<!-- Generated by org.testng.reporters.JUnitXMLReporter -->
<testsuite hostname="LEO-UBU" ignored="0" name="UserTest" tests="31" failures="0" timestamp="2020-03-25T17:53:13 MSK" time="8.239" errors="0">
  <testcase name="testAddNotNullUser" time="1.736" classname="forum.test.UserTest"/>
  <testcase name="testAddNullUser" time="0.155" classname="forum.test.UserTest"/>
  <testcase name="testFindById" time="0.345" classname="forum.test.UserTest"/>
  <testcase name="testMD5" time="0.257" classname="forum.test.UserTest"/>
  <testcase name="testAddExistingUser" time="0.173" classname="forum.test.UserTest"/>
  <testcase name="testBlockUnblockUser" time="0.777" classname="forum.test.UserTest"/>
  <testcase name="testFindByLogin" time="0.2" classname="forum.test.UserTest"/>
  <testcase name="testDeleteUser" time="0.406" classname="forum.test.UserTest"/>
  <testcase name="testGetActiveUsers" time="0.658" classname="forum.test.UserTest"/>
  <testcase name="testAddExistingSection" time="0.097" classname="forum.test.SectionTest"/>
  <testcase name="testAddNotNullSection" time="0.209" classname="forum.test.SectionTest"/>
  <testcase name="testAddNullSection" time="0.084" classname="forum.test.SectionTest"/>
  <testcase name="testFindById" time="0.179" classname="forum.test.SectionTest"/>
  <testcase name="testFindByTitle" time="0.204" classname="forum.test.SectionTest"/>
  <testcase name="testGetUsersBySections" time="0.094" classname="forum.test.SectionTest"/>
  <testcase name="testDeleteSection" time="0.376" classname="forum.test.SectionTest"/>
  <testcase name="testAddExistingTopic" time="0.077" classname="forum.test.TopicTest"/>
  <testcase name="testAddTopic" time="0.198" classname="forum.test.TopicTest"/>
  <testcase name="testAddTopicInEmptySection" time="0.07" classname="forum.test.TopicTest"/>
  <testcase name="testAddTopicInNullSection" time="0.001" classname="forum.test.TopicTest"/>
  <testcase name="testFindById" time="0.149" classname="forum.test.TopicTest"/>
  <testcase name="testFindByTitle" time="0.069" classname="forum.test.TopicTest"/>
  <testcase name="testFindByTitleNull" time="0.0" classname="forum.test.TopicTest"/>
  <testcase name="testIfTopicInSection" time="0.321" classname="forum.test.TopicTest"/>
  <testcase name="testDeleteTopic" time="0.289" classname="forum.test.TopicTest"/>
  <testcase name="testAddPost" time="0.367" classname="forum.test.PostTest"/>
  <testcase name="testAddPostWithNullFields" time="0.059" classname="forum.test.PostTest"/>
  <testcase name="testFindById" time="0.135" classname="forum.test.PostTest"/>
  <testcase name="testAddAttachment" time="0.375" classname="forum.test.AttachmentTest"/>
  <testcase name="testAddAttachmentWithNullFields" time="0.0" classname="forum.test.AttachmentTest"/>
  <testcase name="testFindById" time="0.128" classname="forum.test.AttachmentTest"/>
</testsuite> <!-- UserTest -->
