<?xml version="1.0" encoding="UTF-8"?>
<!-- Generated by org.testng.reporters.JUnitXMLReporter -->
<testsuite hostname="LEO-UBU" ignored="0" name="UserTest" tests="31" failures="0" timestamp="2020-03-24T23:07:56 MSK" time="21.206" errors="0">
  <testcase name="testAddNotNullUser" time="5.121" classname="forum.test.UserTest"/>
  <testcase name="testAddNullUser" time="0.41" classname="forum.test.UserTest"/>
  <testcase name="testFindById" time="0.894" classname="forum.test.UserTest"/>
  <testcase name="testAddExistingUser" time="0.416" classname="forum.test.UserTest"/>
  <testcase name="testBlockUnblockUser" time="1.876" classname="forum.test.UserTest"/>
  <testcase name="testFindByLogin" time="0.662" classname="forum.test.UserTest"/>
  <testcase name="testSHA512" time="0.297" classname="forum.test.UserTest"/>
  <testcase name="testDeleteUser" time="0.919" classname="forum.test.UserTest"/>
  <testcase name="testGetActiveUsers" time="1.781" classname="forum.test.UserTest"/>
  <testcase name="testAddExistingSection" time="0.235" classname="forum.test.SectionTest"/>
  <testcase name="testAddNotNullSection" time="0.566" classname="forum.test.SectionTest"/>
  <testcase name="testAddNullSection" time="0.252" classname="forum.test.SectionTest"/>
  <testcase name="testFindById" time="0.384" classname="forum.test.SectionTest"/>
  <testcase name="testFindByTitle" time="0.443" classname="forum.test.SectionTest"/>
  <testcase name="testGetUsersBySections" time="0.233" classname="forum.test.SectionTest"/>
  <testcase name="testDeleteSection" time="0.844" classname="forum.test.SectionTest"/>
  <testcase name="testAddExistingTopic" time="0.212" classname="forum.test.TopicTest"/>
  <testcase name="testAddTopic" time="0.542" classname="forum.test.TopicTest"/>
  <testcase name="testAddTopicInEmptySection" time="0.207" classname="forum.test.TopicTest"/>
  <testcase name="testAddTopicInNullSection" time="0.0" classname="forum.test.TopicTest"/>
  <testcase name="testFindById" time="0.373" classname="forum.test.TopicTest"/>
  <testcase name="testFindByTitle" time="0.198" classname="forum.test.TopicTest"/>
  <testcase name="testFindByTitleNull" time="0.001" classname="forum.test.TopicTest"/>
  <testcase name="testIfTopicInSection" time="1.011" classname="forum.test.TopicTest"/>
  <testcase name="testDeleteTopic" time="0.77" classname="forum.test.TopicTest"/>
  <testcase name="testAddPost" time="0.905" classname="forum.test.PostTest"/>
  <testcase name="testAddPostWithNullFields" time="0.185" classname="forum.test.PostTest"/>
  <testcase name="testFindById" time="0.326" classname="forum.test.PostTest"/>
  <testcase name="testAddAttachment" time="0.71" classname="forum.test.AttachmentTest"/>
  <testcase name="testAddAttachmentWithNullFields" time="0.0" classname="forum.test.AttachmentTest"/>
  <testcase name="testFindById" time="0.35" classname="forum.test.AttachmentTest"/>
</testsuite> <!-- UserTest -->
