<?xml version="1.0" encoding="UTF-8"?>
<testng-results skipped="0" failed="0" ignored="0" total="9" passed="9">
  <reporter-output>
  </reporter-output>
  <suite name="Default suite" duration-ms="4352" started-at="2020-03-24T18:42:03 MSK" finished-at="2020-03-24T18:42:07 MSK">
    <groups>
    </groups>
    <test name="Default test" duration-ms="4352" started-at="2020-03-24T18:42:03 MSK" finished-at="2020-03-24T18:42:07 MSK">
      <class name="forum.test.UserTest">
        <test-method status="PASS" signature="testAddNotNullUser()[pri:0, instance:forum.test.UserTest@30b8a058]" name="testAddNotNullUser" duration-ms="1737" started-at="2020-03-24T18:42:03 MSK" finished-at="2020-03-24T18:42:05 MSK">
          <reporter-output>
          </reporter-output>
        </test-method> <!-- testAddNotNullUser -->
        <test-method status="PASS" signature="testAddNullUser()[pri:0, instance:forum.test.UserTest@30b8a058]" name="testAddNullUser" duration-ms="186" started-at="2020-03-24T18:42:05 MSK" finished-at="2020-03-24T18:42:05 MSK">
          <exception class="org.hibernate.PropertyValueException">
            <message>
              <![CDATA[not-null property references a null or transient value : forum.User.login]]>
            </message>
            <full-stacktrace>
              <![CDATA[org.hibernate.PropertyValueException: not-null property references a null or transient value : forum.User.login
at org.hibernate.engine.internal.Nullability.checkNullability(Nullability.java:111)
at org.hibernate.engine.internal.Nullability.checkNullability(Nullability.java:55)
at org.hibernate.action.internal.AbstractEntityInsertAction.nullifyTransientReferencesIfNotAlready(AbstractEntityInsertAction.java:116)
at org.hibernate.action.internal.EntityIdentityInsertAction.execute(EntityIdentityInsertAction.java:72)
at org.hibernate.engine.spi.ActionQueue.execute(ActionQueue.java:645)
at org.hibernate.engine.spi.ActionQueue.addResolvedEntityInsertAction(ActionQueue.java:282)
at org.hibernate.engine.spi.ActionQueue.addInsertAction(ActionQueue.java:263)
at org.hibernate.engine.spi.ActionQueue.addAction(ActionQueue.java:317)
at org.hibernate.event.internal.AbstractSaveEventListener.addInsertAction(AbstractSaveEventListener.java:330)
at org.hibernate.event.internal.AbstractSaveEventListener.performSaveOrReplicate(AbstractSaveEventListener.java:287)
at org.hibernate.event.internal.AbstractSaveEventListener.performSave(AbstractSaveEventListener.java:193)
at org.hibernate.event.internal.AbstractSaveEventListener.saveWithGeneratedId(AbstractSaveEventListener.java:123)
at org.hibernate.event.internal.DefaultSaveOrUpdateEventListener.saveWithGeneratedOrRequestedId(DefaultSaveOrUpdateEventListener.java:194)
at org.hibernate.event.internal.DefaultSaveEventListener.saveWithGeneratedOrRequestedId(DefaultSaveEventListener.java:38)
at org.hibernate.event.internal.DefaultSaveOrUpdateEventListener.entityIsTransient(DefaultSaveOrUpdateEventListener.java:179)
at org.hibernate.event.internal.DefaultSaveEventListener.performSaveOrUpdate(DefaultSaveEventListener.java:32)
at org.hibernate.event.internal.DefaultSaveOrUpdateEventListener.onSaveOrUpdate(DefaultSaveOrUpdateEventListener.java:75)
at org.hibernate.event.service.internal.EventListenerGroupImpl.fireEventOnEachListener(EventListenerGroupImpl.java:102)
at org.hibernate.internal.SessionImpl.fireSave(SessionImpl.java:630)
at org.hibernate.internal.SessionImpl.save(SessionImpl.java:623)
at org.hibernate.internal.SessionImpl.save(SessionImpl.java:618)
at forum.UserDao.persist(UserDao.java:19)
at forum.UserService.persist(UserService.java:29)
at forum.UserService.addUser(UserService.java:80)
at forum.test.UserTest.testAddNullUser(UserTest.java:37)
at sun.reflect.NativeMethodAccessorImpl.invoke0(Native Method)
at sun.reflect.NativeMethodAccessorImpl.invoke(NativeMethodAccessorImpl.java:62)
at sun.reflect.DelegatingMethodAccessorImpl.invoke(DelegatingMethodAccessorImpl.java:43)
at java.lang.reflect.Method.invoke(Method.java:498)
at org.testng.internal.MethodInvocationHelper.invokeMethod(MethodInvocationHelper.java:133)
at org.testng.internal.TestInvoker.invokeMethod(TestInvoker.java:584)
at org.testng.internal.TestInvoker.invokeTestMethod(TestInvoker.java:172)
at org.testng.internal.MethodRunner.runInSequence(MethodRunner.java:46)
at org.testng.internal.TestInvoker$MethodInvocationAgent.invoke(TestInvoker.java:804)
at org.testng.internal.TestInvoker.invokeTestMethods(TestInvoker.java:145)
at org.testng.internal.TestMethodWorker.invokeTestMethods(TestMethodWorker.java:146)
at org.testng.internal.TestMethodWorker.run(TestMethodWorker.java:128)
at java.util.ArrayList.forEach(ArrayList.java:1257)
at org.testng.TestRunner.privateRun(TestRunner.java:770)
at org.testng.TestRunner.run(TestRunner.java:591)
at org.testng.SuiteRunner.runTest(SuiteRunner.java:402)
at org.testng.SuiteRunner.runSequentially(SuiteRunner.java:396)
at org.testng.SuiteRunner.privateRun(SuiteRunner.java:355)
at org.testng.SuiteRunner.run(SuiteRunner.java:304)
at org.testng.SuiteRunnerWorker.runSuite(SuiteRunnerWorker.java:53)
at org.testng.SuiteRunnerWorker.run(SuiteRunnerWorker.java:96)
at org.testng.TestNG.runSuitesSequentially(TestNG.java:1180)
at org.testng.TestNG.runSuitesLocally(TestNG.java:1102)
at org.testng.TestNG.runSuites(TestNG.java:1032)
at org.testng.TestNG.run(TestNG.java:1000)
at org.testng.remote.AbstractRemoteTestNG.run(AbstractRemoteTestNG.java:115)
at org.testng.remote.RemoteTestNG.initAndRun(RemoteTestNG.java:251)
at org.testng.remote.RemoteTestNG.main(RemoteTestNG.java:77)
]]>
            </full-stacktrace>
          </exception> <!-- org.hibernate.PropertyValueException -->
          <reporter-output>
          </reporter-output>
        </test-method> <!-- testAddNullUser -->
        <test-method status="PASS" signature="testFindById()[pri:0, instance:forum.test.UserTest@30b8a058]" name="testFindById" duration-ms="335" started-at="2020-03-24T18:42:05 MSK" finished-at="2020-03-24T18:42:05 MSK">
          <reporter-output>
          </reporter-output>
        </test-method> <!-- testFindById -->
        <test-method status="PASS" signature="testAddExistingUser()[pri:0, instance:forum.test.UserTest@30b8a058]" name="testAddExistingUser" duration-ms="129" started-at="2020-03-24T18:42:05 MSK" finished-at="2020-03-24T18:42:05 MSK">
          <exception class="org.hibernate.exception.ConstraintViolationException">
            <message>
              <![CDATA[could not execute statement]]>
            </message>
            <full-stacktrace>
              <![CDATA[org.hibernate.exception.ConstraintViolationException: could not execute statement
at org.hibernate.exception.internal.SQLStateConversionDelegate.convert(SQLStateConversionDelegate.java:109)
at org.hibernate.exception.internal.StandardSQLExceptionConverter.convert(StandardSQLExceptionConverter.java:42)
at org.hibernate.engine.jdbc.spi.SqlExceptionHelper.convert(SqlExceptionHelper.java:113)
at org.hibernate.engine.jdbc.spi.SqlExceptionHelper.convert(SqlExceptionHelper.java:99)
at org.hibernate.engine.jdbc.internal.ResultSetReturnImpl.executeUpdate(ResultSetReturnImpl.java:200)
at org.hibernate.dialect.identity.GetGeneratedKeysDelegate.executeAndExtract(GetGeneratedKeysDelegate.java:57)
at org.hibernate.id.insert.AbstractReturningDelegate.performInsert(AbstractReturningDelegate.java:43)
at org.hibernate.persister.entity.AbstractEntityPersister.insert(AbstractEntityPersister.java:3133)
at org.hibernate.persister.entity.AbstractEntityPersister.insert(AbstractEntityPersister.java:3737)
at org.hibernate.action.internal.EntityIdentityInsertAction.execute(EntityIdentityInsertAction.java:84)
at org.hibernate.engine.spi.ActionQueue.execute(ActionQueue.java:645)
at org.hibernate.engine.spi.ActionQueue.addResolvedEntityInsertAction(ActionQueue.java:282)
at org.hibernate.engine.spi.ActionQueue.addInsertAction(ActionQueue.java:263)
at org.hibernate.engine.spi.ActionQueue.addAction(ActionQueue.java:317)
at org.hibernate.event.internal.AbstractSaveEventListener.addInsertAction(AbstractSaveEventListener.java:330)
at org.hibernate.event.internal.AbstractSaveEventListener.performSaveOrReplicate(AbstractSaveEventListener.java:287)
at org.hibernate.event.internal.AbstractSaveEventListener.performSave(AbstractSaveEventListener.java:193)
at org.hibernate.event.internal.AbstractSaveEventListener.saveWithGeneratedId(AbstractSaveEventListener.java:123)
at org.hibernate.event.internal.DefaultSaveOrUpdateEventListener.saveWithGeneratedOrRequestedId(DefaultSaveOrUpdateEventListener.java:194)
at org.hibernate.event.internal.DefaultSaveEventListener.saveWithGeneratedOrRequestedId(DefaultSaveEventListener.java:38)
at org.hibernate.event.internal.DefaultSaveOrUpdateEventListener.entityIsTransient(DefaultSaveOrUpdateEventListener.java:179)
at org.hibernate.event.internal.DefaultSaveEventListener.performSaveOrUpdate(DefaultSaveEventListener.java:32)
at org.hibernate.event.internal.DefaultSaveOrUpdateEventListener.onSaveOrUpdate(DefaultSaveOrUpdateEventListener.java:75)
at org.hibernate.event.service.internal.EventListenerGroupImpl.fireEventOnEachListener(EventListenerGroupImpl.java:102)
at org.hibernate.internal.SessionImpl.fireSave(SessionImpl.java:630)
at org.hibernate.internal.SessionImpl.save(SessionImpl.java:623)
at org.hibernate.internal.SessionImpl.save(SessionImpl.java:618)
at forum.UserDao.persist(UserDao.java:19)
at forum.UserService.persist(UserService.java:29)
at forum.UserService.addUser(UserService.java:80)
at forum.test.UserTest.testAddExistingUser(UserTest.java:43)
at sun.reflect.NativeMethodAccessorImpl.invoke0(Native Method)
at sun.reflect.NativeMethodAccessorImpl.invoke(NativeMethodAccessorImpl.java:62)
at sun.reflect.DelegatingMethodAccessorImpl.invoke(DelegatingMethodAccessorImpl.java:43)
at java.lang.reflect.Method.invoke(Method.java:498)
at org.testng.internal.MethodInvocationHelper.invokeMethod(MethodInvocationHelper.java:133)
at org.testng.internal.TestInvoker.invokeMethod(TestInvoker.java:584)
at org.testng.internal.TestInvoker.invokeTestMethod(TestInvoker.java:172)
at org.testng.internal.MethodRunner.runInSequence(MethodRunner.java:46)
at org.testng.internal.TestInvoker$MethodInvocationAgent.invoke(TestInvoker.java:804)
at org.testng.internal.TestInvoker.invokeTestMethods(TestInvoker.java:145)
at org.testng.internal.TestMethodWorker.invokeTestMethods(TestMethodWorker.java:146)
at org.testng.internal.TestMethodWorker.run(TestMethodWorker.java:128)
at java.util.ArrayList.forEach(ArrayList.java:1257)
at org.testng.TestRunner.privateRun(TestRunner.java:770)
at org.testng.TestRunner.run(TestRunner.java:591)
at org.testng.SuiteRunner.runTest(SuiteRunner.java:402)
at org.testng.SuiteRunner.runSequentially(SuiteRunner.java:396)
at org.testng.SuiteRunner.privateRun(SuiteRunner.java:355)
at org.testng.SuiteRunner.run(SuiteRunner.java:304)
at org.testng.SuiteRunnerWorker.runSuite(SuiteRunnerWorker.java:53)
at org.testng.SuiteRunnerWorker.run(SuiteRunnerWorker.java:96)
at org.testng.TestNG.runSuitesSequentially(TestNG.java:1180)
at org.testng.TestNG.runSuitesLocally(TestNG.java:1102)
at org.testng.TestNG.runSuites(TestNG.java:1032)
at org.testng.TestNG.run(TestNG.java:1000)
at org.testng.remote.AbstractRemoteTestNG.run(AbstractRemoteTestNG.java:115)
at org.testng.remote.RemoteTestNG.initAndRun(RemoteTestNG.java:251)
at org.testng.remote.RemoteTestNG.main(RemoteTestNG.java:77)
Caused by: org.postgresql.util.PSQLException: ОШИБКА: повторяющееся значение ключа нарушает ограничение уникальности "user_login_key"
  Подробности: Ключ "(login)=(finland)" уже существует.
at org.postgresql.core.v3.QueryExecutorImpl.receiveErrorResponse(QueryExecutorImpl.java:2510)
at org.postgresql.core.v3.QueryExecutorImpl.processResults(QueryExecutorImpl.java:2245)
at org.postgresql.core.v3.QueryExecutorImpl.execute(QueryExecutorImpl.java:311)
at org.postgresql.jdbc.PgStatement.executeInternal(PgStatement.java:447)
at org.postgresql.jdbc.PgStatement.execute(PgStatement.java:368)
at org.postgresql.jdbc.PgPreparedStatement.executeWithFlags(PgPreparedStatement.java:159)
at org.postgresql.jdbc.PgPreparedStatement.executeUpdate(PgPreparedStatement.java:125)
at org.hibernate.engine.jdbc.internal.ResultSetReturnImpl.executeUpdate(ResultSetReturnImpl.java:197)
... 54 more
]]>
            </full-stacktrace>
          </exception> <!-- org.hibernate.exception.ConstraintViolationException -->
          <reporter-output>
          </reporter-output>
        </test-method> <!-- testAddExistingUser -->
        <test-method status="PASS" signature="testBlockUnblockUser()[pri:0, instance:forum.test.UserTest@30b8a058]" name="testBlockUnblockUser" duration-ms="679" started-at="2020-03-24T18:42:05 MSK" finished-at="2020-03-24T18:42:06 MSK">
          <reporter-output>
          </reporter-output>
        </test-method> <!-- testBlockUnblockUser -->
        <test-method status="PASS" signature="testFindByLogin()[pri:0, instance:forum.test.UserTest@30b8a058]" name="testFindByLogin" duration-ms="246" started-at="2020-03-24T18:42:06 MSK" finished-at="2020-03-24T18:42:06 MSK">
          <reporter-output>
          </reporter-output>
        </test-method> <!-- testFindByLogin -->
        <test-method status="PASS" signature="testSHA512()[pri:0, instance:forum.test.UserTest@30b8a058]" name="testSHA512" duration-ms="120" started-at="2020-03-24T18:42:06 MSK" finished-at="2020-03-24T18:42:06 MSK">
          <reporter-output>
          </reporter-output>
        </test-method> <!-- testSHA512 -->
        <test-method status="PASS" signature="testDeleteUser()[pri:0, instance:forum.test.UserTest@30b8a058]" name="testDeleteUser" duration-ms="304" started-at="2020-03-24T18:42:06 MSK" depends-on-methods="forum.test.UserTest.testAddNotNullUser" finished-at="2020-03-24T18:42:07 MSK">
          <reporter-output>
          </reporter-output>
        </test-method> <!-- testDeleteUser -->
        <test-method status="PASS" signature="testGetActiveUsers()[pri:0, instance:forum.test.UserTest@30b8a058]" name="testGetActiveUsers" duration-ms="588" started-at="2020-03-24T18:42:07 MSK" depends-on-methods="forum.test.UserTest.testDeleteUser" finished-at="2020-03-24T18:42:07 MSK">
          <reporter-output>
          </reporter-output>
        </test-method> <!-- testGetActiveUsers -->
      </class> <!-- forum.test.UserTest -->
    </test> <!-- Default test -->
  </suite> <!-- Default suite -->
</testng-results>
